[9428:1] 2023-04-14 17:59:52.089 [0x5CC(0) CxCommonApi::LogModuleInfo] [MODULE LOADING] ModuleName amon64.dll, Version [2.0.0.1], ModulePath C:\Program Files\Geni\Insights\temp\amon64.dll ModifiedTime 2022-09-07 17:58:06
[9428:1] 2023-04-14 17:59:52.091 [0x5CC(0) CxSensorPipeClient::Initialize] [Initialize]
[9428:1] 2023-04-14 17:59:52.091 [0x5CC(0) CxThreadPool::Initialize] Queue init : OutputQue 0, nThreadPoolSize : 1
[9428:1] 2023-04-14 17:59:52.092 [0x5CC(183) CxThreadPool::CreateThreadPool] Create 1 WorkerThread
[9428:1] 2023-04-14 17:59:52.096 [0x5CC(0) CAttachMonitor::_InstallHook] [INSTALL_HOOK] GetOpenFileNameW : bash.exe:9428
[9428:1] 2023-04-14 17:59:52.097 [0x5CC(183) CAttachMonitor::_InstallHook] [INSTALL_HOOK] CoCreateInstance : bash.exe:9428
[9428:1] 2023-04-14 17:59:52.098 [0x5CC(183) CAttachMonitor::_InstallHook] [INSTALL_HOOK] DoDragDrop : bash.exe:9428
[9428:1] 2023-04-14 17:59:52.099 [0x5CC(183) CxDllNotifier::Initialize] [Initialize]
[9428:1] 2023-04-14 17:59:52.099 [0x5CC(183) CxDllNotifier::Initialize] [RegisterDllNotification] 000000000078F060
[9428:1] 2023-04-14 17:59:52.100 [0x5CC(183) CxDllNotifier::RegisterCallback] [RegisterCallback] Callback 00007FFE83D66B20 Context 0000000000788F80
[9428:1] 2023-04-14 17:59:52.101 [0x24F4(0) CxThreadPool::ThreadEntry] Worker Thread begins
[9428:1] 2023-04-14 17:59:52.102 [0x24F4(1) CxSensorPipeClient::SendJson] [SEND][ReqType:10] {
   "PID" : 9428,
   "ProcPath" : "C:\\Program Files\\Git\\usr\\bin\\bash.exe",
   "ReqType" : "xSensorRequestType_GetAmonProfile"
}

[9428:1] 2023-04-14 17:59:52.103 [0x24F4(183) CxSensorPipeClient::SendJson] [RECV] {
   "DetectionProcessList" : ""
}

[9428:1] 2023-04-14 17:59:52.104 [0x24F4(183) CAttachMonitor::_PipeResponseCallback] Addtional DetectionProcessList is empty
[9428:1] 2023-04-14 17:59:52.104 [0x24F4(183) CAttachMonitor::_PipeResponseCallback] Not Target Process[myself]
